DBG: imports starting
DBG: importing daemon module
PIPE=\\.\pipe\jrtt_dbg_4996c587
DBG: defining daemon_thread
DBG: spawning daemon thread
[bg] starting daemon
main: daemon thread started, sleeping 8s
jrtt daemon starting; pipe='\\\\.\\pipe\\jrtt_dbg_4996c587' chip='N32G430C8' tif=swd speed=4000kHz
jrtt daemon ready (version 0.0.1)
[SRV-LOOP] created pipe, calling _handle_one_client
main: importing client stuff
main: sending ping f6b6fbc0
main: client connected, sending
[DAEMON-HANDLER] entered
main: sent, recv (5s timeout)
[DAEMON-HANDLER] chunk len=89
[DAEMON-HANDLER] full buf=b'{"id": "f6b6fbc0786042909595eaed78502e1d", "op": "ping", "args": {}, "t": "req", "v": 1}\n'
[DAEMON-HANDLER] op=ping
main: got b'{"id": "f6b6fbc0786042909595eaed78502e1d", "ok": true, "data": {"version": "0.0.1"}, "code": null, "msg": null, "t": "res", "v": 1}\n'
[SRV-LOOP] _handle_one_client returned
main: done
